  TractorClientDlg.cpp
d:\vs程序\sick -qiu\tractorclientdlg.cpp(237): warning C4996: 'inet_addr': Use inet_pton() or InetPton() instead or define _WINSOCK_DEPRECATED_NO_WARNINGS to disable deprecated API warnings
  c:\program files (x86)\windows kits\8.1\include\um\winsock2.h(1850): note: 参见“inet_addr”的声明
d:\vs程序\sick -qiu\tractorclientdlg.cpp(337): warning C4244: “=”: 从“float”转换到“int”，可能丢失数据
d:\vs程序\sick -qiu\tractorclientdlg.cpp(338): warning C4244: “=”: 从“float”转换到“int”，可能丢失数据
d:\vs程序\sick -qiu\tractorclientdlg.cpp(340): warning C4244: “参数”: 从“int”转换到“float”，可能丢失数据
d:\vs程序\sick -qiu\tractorclientdlg.cpp(340): warning C4244: “=”: 从“double”转换到“float”，可能丢失数据
d:\vs程序\sick -qiu\tractorclientdlg.cpp(403): warning C4244: “+=”: 从“double”转换到“int”，可能丢失数据
d:\vs程序\sick -qiu\tractorclientdlg.cpp(409): warning C4244: “=”: 从“float”转换到“int”，可能丢失数据
d:\vs程序\sick -qiu\tractorclientdlg.cpp(416): warning C4244: “=”: 从“double”转换到“int”，可能丢失数据
d:\vs程序\sick -qiu\tractorclientdlg.cpp(540): warning C4244: “*=”: 从“double”转换到“unsigned int”，可能丢失数据
d:\vs程序\sick -qiu\tractorclientdlg.cpp(546): warning C4996: 'strcpy': This function or variable may be unsafe. Consider using strcpy_s instead. To disable deprecation, use _CRT_SECURE_NO_WARNINGS. See online help for details.
  c:\program files (x86)\windows kits\10\include\10.0.10240.0\ucrt\string.h(119): note: 参见“strcpy”的声明
d:\vs程序\sick -qiu\tractorclientdlg.cpp(548): warning C4996: 'strcpy': This function or variable may be unsafe. Consider using strcpy_s instead. To disable deprecation, use _CRT_SECURE_NO_WARNINGS. See online help for details.
  c:\program files (x86)\windows kits\10\include\10.0.10240.0\ucrt\string.h(119): note: 参见“strcpy”的声明
d:\vs程序\sick -qiu\tractorclientdlg.cpp(638): warning C4996: 'fopen': This function or variable may be unsafe. Consider using fopen_s instead. To disable deprecation, use _CRT_SECURE_NO_WARNINGS. See online help for details.
  c:\program files (x86)\windows kits\10\include\10.0.10240.0\ucrt\stdio.h(205): note: 参见“fopen”的声明
d:\vs程序\sick -qiu\tractorclientdlg.cpp(863): warning C4996: 'sprintf': This function or variable may be unsafe. Consider using sprintf_s instead. To disable deprecation, use _CRT_SECURE_NO_WARNINGS. See online help for details.
  c:\program files (x86)\windows kits\10\include\10.0.10240.0\ucrt\stdio.h(1769): note: 参见“sprintf”的声明
d:\vs程序\sick -qiu\tractorclientdlg.cpp(864): warning C4996: 'strcat': This function or variable may be unsafe. Consider using strcat_s instead. To disable deprecation, use _CRT_SECURE_NO_WARNINGS. See online help for details.
  c:\program files (x86)\windows kits\10\include\10.0.10240.0\ucrt\string.h(90): note: 参见“strcat”的声明
  TractorClient.vcxproj -> D:\VS程序\SICK -Qiu\.\Debug\TractorClient.exe
  TractorClient.vcxproj -> .\Debug\TractorClient.pdb (Full PDB)
