d:\vs程序\sick -qiu\debug\tractorclient.bsc
d:\vs程序\sick -qiu\debug\tractorclient.pch
d:\vs程序\sick -qiu\debug\vc140.pdb
d:\vs程序\sick -qiu\debug\vc140.idb
d:\vs程序\sick -qiu\debug\stdafx.sbr
d:\vs程序\sick -qiu\debug\stdafx.obj
d:\vs程序\sick -qiu\debug\tractorclientdlg.sbr
d:\vs程序\sick -qiu\debug\tractorclient.sbr
d:\vs程序\sick -qiu\debug\tractorclient.obj
d:\vs程序\sick -qiu\debug\tractorclientdlg.obj
d:\vs程序\sick -qiu\debug\tractorclient.ilk
d:\vs程序\sick -qiu\debug\tractorclient.exe
d:\vs程序\sick -qiu\debug\tractorclient.pdb
d:\vs程序\sick -qiu\debug\tractorclient.res
d:\vs程序\sick -qiu\.\debug\tractorclient.exe
d:\vs程序\sick -qiu\debug\tractorclient.tlog\bscmake.command.1.tlog
d:\vs程序\sick -qiu\debug\tractorclient.tlog\bscmake.read.1.tlog
d:\vs程序\sick -qiu\debug\tractorclient.tlog\bscmake.write.1.tlog
d:\vs程序\sick -qiu\debug\tractorclient.tlog\cl.command.1.tlog
d:\vs程序\sick -qiu\debug\tractorclient.tlog\cl.read.1.tlog
d:\vs程序\sick -qiu\debug\tractorclient.tlog\cl.write.1.tlog
d:\vs程序\sick -qiu\debug\tractorclient.tlog\link.command.1.tlog
d:\vs程序\sick -qiu\debug\tractorclient.tlog\link.read.1.tlog
d:\vs程序\sick -qiu\debug\tractorclient.tlog\link.write.1.tlog
d:\vs程序\sick -qiu\debug\tractorclient.tlog\rc.command.1.tlog
d:\vs程序\sick -qiu\debug\tractorclient.tlog\rc.read.1.tlog
d:\vs程序\sick -qiu\debug\tractorclient.tlog\rc.write.1.tlog
